c:\users\15juga\documents\github\lilla-spelprojekt1\lilla spelprojekt1\x64\debug\vc142.pdb
c:\users\15juga\documents\github\lilla-spelprojekt1\lilla spelprojekt1\x64\debug\vc142.idb
c:\users\15juga\documents\github\lilla-spelprojekt1\lilla spelprojekt1\x64\debug\sceneclass.obj
c:\users\15juga\documents\github\lilla-spelprojekt1\lilla spelprojekt1\x64\debug\projectile.obj
c:\users\15juga\documents\github\lilla-spelprojekt1\lilla spelprojekt1\x64\debug\meshlist.obj
c:\users\15juga\documents\github\lilla-spelprojekt1\lilla spelprojekt1\x64\debug\leaderboard.obj
c:\users\15juga\documents\github\lilla-spelprojekt1\lilla spelprojekt1\x64\debug\imgui_widgets.obj
c:\users\15juga\documents\github\lilla-spelprojekt1\lilla spelprojekt1\x64\debug\imgui_tables.obj
c:\users\15juga\documents\github\lilla-spelprojekt1\lilla spelprojekt1\x64\debug\imgui_impl_win32.obj
c:\users\15juga\documents\github\lilla-spelprojekt1\lilla spelprojekt1\x64\debug\imgui_impl_dx11.obj
c:\users\15juga\documents\github\lilla-spelprojekt1\lilla spelprojekt1\x64\debug\imgui_draw.obj
c:\users\15juga\documents\github\lilla-spelprojekt1\lilla spelprojekt1\x64\debug\imgui.obj
c:\users\15juga\documents\github\lilla-spelprojekt1\lilla spelprojekt1\x64\debug\gameobject.obj
c:\users\15juga\documents\github\lilla-spelprojekt1\lilla spelprojekt1\x64\debug\errorlogger.obj
c:\users\15juga\documents\github\lilla-spelprojekt1\lilla spelprojekt1\x64\debug\engine.obj
c:\users\15juga\documents\github\lilla-spelprojekt1\lilla spelprojekt1\x64\debug\depthstencil.obj
c:\users\15juga\documents\github\lilla-spelprojekt1\lilla spelprojekt1\x64\debug\credits.obj
c:\users\15juga\documents\github\lilla-spelprojekt1\lilla spelprojekt1\x64\debug\colour.obj
c:\users\15juga\documents\github\lilla-spelprojekt1\lilla spelprojekt1\x64\debug\collisiontest.obj
c:\users\15juga\documents\github\lilla-spelprojekt1\lilla spelprojekt1\x64\debug\collisionmanager.obj
c:\users\15juga\documents\github\lilla-spelprojekt1\lilla spelprojekt1\x64\debug\camera.obj
c:\users\15juga\documents\github\lilla-spelprojekt1\lilla spelprojekt1\x64\debug\aienemyturret.obj
c:\users\15juga\documents\github\lilla-spelprojekt1\lilla spelprojekt1\x64\debug\transform.obj
c:\users\15juga\documents\github\lilla-spelprojekt1\lilla spelprojekt1\x64\debug\texturet.obj
c:\users\15juga\documents\github\lilla-spelprojekt1\lilla spelprojekt1\x64\debug\stringconverter.obj
c:\users\15juga\documents\github\lilla-spelprojekt1\lilla spelprojekt1\x64\debug\scenemanager.obj
c:\users\15juga\documents\github\lilla-spelprojekt1\lilla spelprojekt1\x64\debug\renderwindow.obj
c:\users\15juga\documents\github\lilla-spelprojekt1\lilla spelprojekt1\x64\debug\rendertarget.obj
c:\users\15juga\documents\github\lilla-spelprojekt1\lilla spelprojekt1\x64\debug\player.obj
c:\users\15juga\documents\github\lilla-spelprojekt1\lilla spelprojekt1\x64\debug\mouseinput.obj
c:\users\15juga\documents\github\lilla-spelprojekt1\lilla spelprojekt1\x64\debug\mesh.obj
c:\users\15juga\documents\github\lilla-spelprojekt1\lilla spelprojekt1\x64\debug\graphic.obj
c:\users\15juga\documents\github\lilla-spelprojekt1\lilla spelprojekt1\x64\debug\main.obj
c:\users\15juga\documents\github\lilla-spelprojekt1\lilla spelprojekt1\x64\debug\item.obj
c:\users\15juga\documents\github\lilla-spelprojekt1\lilla spelprojekt1\x64\debug\input.obj
c:\users\15juga\documents\github\lilla-spelprojekt1\lilla spelprojekt1\x64\debug\staticgameobject.obj
c:\users\15juga\documents\github\lilla-spelprojekt1\lilla spelprojekt1\x64\debug\shadowmap.obj
c:\users\15juga\documents\github\lilla-spelprojekt1\lilla spelprojekt1\x64\debug\shadowclass.obj
c:\users\15juga\documents\github\lilla-spelprojekt1\lilla spelprojekt1\x64\debug\scoresystem.obj
c:\users\15juga\documents\github\lilla-spelprojekt1\lilla spelprojekt1\x64\debug\scn_menu.obj
c:\users\15juga\documents\github\lilla-spelprojekt1\lilla spelprojekt1\x64\debug\scn_level.obj
c:\users\15juga\documents\github\lilla-spelprojekt1\lilla spelprojekt1\x64\debug\scn_gameover.obj
c:\users\15juga\documents\github\lilla-spelprojekt1\lilla spelprojekt1\x64\debug\windowcontainer.obj
c:\users\15juga\documents\github\lilla-spelprojekt1\x64\debug\xapobaseredist.pdb
c:\users\15juga\documents\github\lilla-spelprojekt1\x64\debug\xaudio2_9redist.pdb
c:\users\15juga\documents\github\lilla-spelprojekt1\x64\debug\xaudio2_9redist.dll
c:\users\15juga\documents\github\lilla-spelprojekt1\x64\debug\pixelshader.cso
c:\users\15juga\documents\github\lilla-spelprojekt1\x64\debug\shadowpixelshader.cso
c:\users\15juga\documents\github\lilla-spelprojekt1\x64\debug\shadowvertexshader.cso
c:\users\15juga\documents\github\lilla-spelprojekt1\x64\debug\vertexshader.cso
c:\users\15juga\documents\github\lilla-spelprojekt1\x64\debug\lilla spelprojekt1.exe
c:\users\15juga\documents\github\lilla-spelprojekt1\x64\debug\lilla spelprojekt1.ilk
c:\users\15juga\documents\github\lilla-spelprojekt1\x64\debug\lilla spelprojekt1.pdb
c:\users\15juga\documents\github\lilla-spelprojekt1\lilla spelprojekt1\x64\debug\lilla sp.07370e84.tlog\cl.command.1.tlog
c:\users\15juga\documents\github\lilla-spelprojekt1\lilla spelprojekt1\x64\debug\lilla sp.07370e84.tlog\cl.read.1.tlog
c:\users\15juga\documents\github\lilla-spelprojekt1\lilla spelprojekt1\x64\debug\lilla sp.07370e84.tlog\cl.write.1.tlog
c:\users\15juga\documents\github\lilla-spelprojekt1\lilla spelprojekt1\x64\debug\lilla sp.07370e84.tlog\copylocal.read.1u.tlog
c:\users\15juga\documents\github\lilla-spelprojekt1\lilla spelprojekt1\x64\debug\lilla sp.07370e84.tlog\copylocal.write.1u.tlog
c:\users\15juga\documents\github\lilla-spelprojekt1\lilla spelprojekt1\x64\debug\lilla sp.07370e84.tlog\fxc.command.1.tlog
c:\users\15juga\documents\github\lilla-spelprojekt1\lilla spelprojekt1\x64\debug\lilla sp.07370e84.tlog\fxc.read.1.tlog
c:\users\15juga\documents\github\lilla-spelprojekt1\lilla spelprojekt1\x64\debug\lilla sp.07370e84.tlog\fxc.write.1.tlog
c:\users\15juga\documents\github\lilla-spelprojekt1\lilla spelprojekt1\x64\debug\lilla sp.07370e84.tlog\link.command.1.tlog
c:\users\15juga\documents\github\lilla-spelprojekt1\lilla spelprojekt1\x64\debug\lilla sp.07370e84.tlog\link.read.1.tlog
c:\users\15juga\documents\github\lilla-spelprojekt1\lilla spelprojekt1\x64\debug\lilla sp.07370e84.tlog\link.write.1.tlog
